<?xml version="1.0" encoding="UTF-8"?>
<!-- Generated by org.testng.reporters.JUnitReportReporter -->
<testsuite hostname="LAPTOP-SKMVTQNR" failures="0" tests="1" name="scripts.DemoTest" time="28.898" errors="0" timestamp="2024-03-22T11:42:22 IST" skipped="0">
  <testcase classname="scripts.DemoTest" name="demoTest" time="28.898"/>
  <system-out/>
</testsuite> <!-- scripts.DemoTest -->
